<?xml version="1.0" encoding="UTF-8"?>
<testsuite name="Test" tests="1" skipped="1" failures="0" errors="0" timestamp="2022-03-31T15:49:19" hostname="DESKTOP-S4DJ26A" time="19.036">
  <properties/>
  <testcase name="test()" classname="Test" time="19.036">
    <skipped/>
  </testcase>
  <system-out><![CDATA[]]></system-out>
  <system-err><![CDATA[]]></system-err>
</testsuite>
